<?xml version="1.0" encoding="utf-8"?><testsuites name="pytest tests"><testsuite name="pytest" errors="0" failures="0" skipped="0" tests="21" time="24.001" timestamp="2026-05-03T12:10:38.142322+00:00" hostname="agent-env-2e6e1d71-b693-4def-9999-f4345bc92447"><testcase classname="tests.test_api.TestAuth" name="test_root" time="1.048" /><testcase classname="tests.test_api.TestAuth" name="test_signup_and_token" time="1.028" /><testcase classname="tests.test_api.TestAuth" name="test_login_demo" time="0.860" /><testcase classname="tests.test_api.TestAuth" name="test_login_bad_password" time="0.869" /><testcase classname="tests.test_api.TestAuth" name="test_social_login" time="1.269" /><testcase classname="tests.test_api.TestAuth" name="test_social_invalid_provider" time="0.613" /><testcase classname="tests.test_api.TestAuth" name="test_me" time="0.675" /><testcase classname="tests.test_api.TestAuth" name="test_me_no_token" time="0.663" /><testcase classname="tests.test_api.TestAuth" name="test_theme_persist" time="1.897" /><testcase classname="tests.test_api.TestStocks" name="test_quote" time="0.684" /><testcase classname="tests.test_api.TestStocks" name="test_candles" time="0.657" /><testcase classname="tests.test_api.TestStocks" name="test_search" time="0.671" /><testcase classname="tests.test_api.TestStocks" name="test_universe" time="0.607" /><testcase classname="tests.test_api.TestPredictions" name="test_prediction_shallow" time="0.681" /><testcase classname="tests.test_api.TestPredictions" name="test_prediction_deep_llm" time="1.873" /><testcase classname="tests.test_api.TestPredictions" name="test_top_movers" time="0.692" /><testcase classname="tests.test_api.TestPredictions" name="test_screener" time="0.675" /><testcase classname="tests.test_api.TestPredictions" name="test_screener_sector" time="0.634" /><testcase classname="tests.test_api.TestWatchlist" name="test_watchlist_crud" time="3.202" /><testcase classname="tests.test_api.TestAlerts" name="test_alert_crud" time="3.317" /><testcase classname="tests.test_api.TestSubscription" name="test_upgrade" time="1.293" /></testsuite></testsuites>